2020-12-13 11:40:01,759 INFO  [org.jboss.as.server.deployment.scanner] (MSC service thread 1-4) WFLYDS0013: Started FileSystemDeploymentService for directory /home/rubendgpedrosa/DAE_20-21/wildfly-20.0.1.Final/standalone/deployments
2020-12-13 11:40:01,766 INFO  [org.jboss.as.server.deployment] (MSC service thread 1-5) WFLYSRV0027: Starting deployment of "academics.war" (runtime-name: "academics.war")
2020-12-13 11:40:01,773 ERROR [org.jboss.msc.service.fail] (MSC service thread 1-1) MSC000001: Failed to start service jboss.deployment.unit."academics.war".STRUCTURE: org.jboss.msc.service.StartException in service jboss.deployment.unit."academics.war".STRUCTURE: WFLYSRV0153: Failed to process phase STRUCTURE of deployment "academics.war"
	at org.jboss.as.server.deployment.DeploymentUnitPhaseService.start(DeploymentUnitPhaseService.java:189)
	at org.jboss.msc.service.ServiceControllerImpl$StartTask.startService(ServiceControllerImpl.java:1739)
	at org.jboss.msc.service.ServiceControllerImpl$StartTask.execute(ServiceControllerImpl.java:1701)
	at org.jboss.msc.service.ServiceControllerImpl$ControllerTask.run(ServiceControllerImpl.java:1559)
	at org.jboss.threads.ContextClassLoaderSavingRunnable.run(ContextClassLoaderSavingRunnable.java:35)
	at org.jboss.threads.EnhancedQueueExecutor.safeRun(EnhancedQueueExecutor.java:1982)
	at org.jboss.threads.EnhancedQueueExecutor$ThreadBody.doRunTask(EnhancedQueueExecutor.java:1486)
	at org.jboss.threads.EnhancedQueueExecutor$ThreadBody.run(EnhancedQueueExecutor.java:1377)
	at java.lang.Thread.run(Thread.java:748)
Caused by: org.jboss.as.server.deployment.DeploymentUnitProcessingException: WFLYSRV0160: Failed to mount deployment content
	at org.jboss.as.server.deployment.module.DeploymentRootMountProcessor.deploy(DeploymentRootMountProcessor.java:95)
	at org.jboss.as.server.deployment.DeploymentUnitPhaseService.start(DeploymentUnitPhaseService.java:182)
	... 8 more
Caused by: java.io.FileNotFoundException: /home/rubendgpedrosa/DAE_20-21/wildfly-20.0.1.Final/bin/C:\Users\joaok\IdeaProjects\AcademicManagement\target\academics.war (No such file or directory)
	at java.io.FileInputStream.open0(Native Method)
	at java.io.FileInputStream.open(FileInputStream.java:195)
	at java.io.FileInputStream.<init>(FileInputStream.java:138)
	at org.jboss.vfs.spi.RootFileSystem.openInputStream(RootFileSystem.java:51)
	at org.jboss.vfs.VirtualFile.openStream(VirtualFile.java:318)
	at org.jboss.vfs.VFS.mountZipExpanded(VFS.java:533)
	at org.jboss.as.server.deployment.DeploymentMountProvider$Factory$ServerDeploymentRepositoryImpl.mountDeploymentContent(DeploymentMountProvider.java:110)
	at org.jboss.as.server.deployment.module.DeploymentRootMountProcessor.deploy(DeploymentRootMountProcessor.java:91)
	... 9 more

2020-12-13 11:40:01,818 INFO  [org.wildfly.extension.undertow] (MSC service thread 1-5) WFLYUT0006: Undertow HTTPS listener https listening on 127.0.0.1:8443
2020-12-13 11:40:01,889 INFO  [org.jboss.ws.common.management] (MSC service thread 1-5) JBWS022052: Starting JBossWS 5.4.1.Final (Apache CXF 3.3.6) 
2020-12-13 11:40:01,971 ERROR [org.jboss.as.controller.management-operation] (Controller Boot Thread) WFLYCTL0013: Operation ("add") failed - address: ([("deployment" => "academics.war")]) - failure description: {"WFLYCTL0080: Failed services" => {"jboss.deployment.unit.\"academics.war\".STRUCTURE" => "WFLYSRV0153: Failed to process phase STRUCTURE of deployment \"academics.war\"
    Caused by: org.jboss.as.server.deployment.DeploymentUnitProcessingException: WFLYSRV0160: Failed to mount deployment content
    Caused by: java.io.FileNotFoundException: /home/rubendgpedrosa/DAE_20-21/wildfly-20.0.1.Final/bin/C:\\Users\\joaok\\IdeaProjects\\AcademicManagement\\target\\academics.war (No such file or directory)"}}
2020-12-13 11:40:01,980 INFO  [org.jboss.as.server] (Controller Boot Thread) WFLYSRV0010: Deployed "academics.war" (runtime-name : "academics.war")
2020-12-13 11:40:01,983 INFO  [org.jboss.as.controller] (Controller Boot Thread) WFLYCTL0183: Service status report
WFLYCTL0186:   Services which failed to start:      service jboss.deployment.unit."academics.war".STRUCTURE: WFLYSRV0153: Failed to process phase STRUCTURE of deployment "academics.war"

2020-12-13 11:40:02,052 INFO  [org.jboss.as.server] (Controller Boot Thread) WFLYSRV0212: Resuming server
2020-12-13 11:40:02,055 ERROR [org.jboss.as] (Controller Boot Thread) WFLYSRV0026: WildFly Full 20.0.1.Final (WildFly Core 12.0.3.Final) started (with errors) in 2860ms - Started 325 of 592 services (1 services failed or missing dependencies, 371 services are lazy, passive or on-demand)
2020-12-13 11:40:02,059 INFO  [org.jboss.as] (Controller Boot Thread) WFLYSRV0060: Http management interface listening on http://127.0.0.1:9990/management
2020-12-13 11:40:02,059 INFO  [org.jboss.as] (Controller Boot Thread) WFLYSRV0051: Admin console listening on http://127.0.0.1:9990
2020-12-13 11:41:04,813 INFO  [org.jboss.as.server] (Thread-2) WFLYSRV0272: Suspending server
2020-12-13 11:41:04,815 INFO  [org.jboss.as.ejb3] (Thread-2) WFLYEJB0493: EJB subsystem suspension complete
2020-12-13 11:41:04,818 INFO  [org.jboss.as.server] (Thread-2) WFLYSRV0220: Server shutdown has been requested via an OS signal
2020-12-13 11:41:04,823 INFO  [org.jboss.as.connector.subsystems.datasources] (MSC service thread 1-7) WFLYJCA0010: Unbound data source [java:jboss/datasources/dae]
2020-12-13 11:41:04,826 INFO  [org.jboss.as.connector.subsystems.datasources] (MSC service thread 1-7) WFLYJCA0010: Unbound data source [java:jboss/datasources/ExampleDS]
2020-12-13 11:41:04,827 INFO  [org.jboss.as.server.deployment] (MSC service thread 1-1) WFLYSRV0028: Stopped deployment academics.war (runtime-name: academics.war) in 3ms
2020-12-13 11:41:04,833 INFO  [org.wildfly.extension.undertow] (MSC service thread 1-4) WFLYUT0019: Host default-host stopping
2020-12-13 11:41:04,833 INFO  [org.jboss.as.mail.extension] (MSC service thread 1-3) WFLYMAIL0002: Unbound mail session [java:jboss/mail/ java:/jboss/mail/fakeSMTP]
2020-12-13 11:41:04,833 INFO  [org.jboss.as.mail.extension] (MSC service thread 1-2) WFLYMAIL0002: Unbound mail session [java:jboss/mail/Default]
2020-12-13 11:41:04,836 INFO  [org.wildfly.extension.undertow] (MSC service thread 1-3) WFLYUT0008: Undertow HTTPS listener https suspending
2020-12-13 11:41:04,838 INFO  [org.wildfly.extension.undertow] (MSC service thread 1-5) WFLYUT0008: Undertow HTTP listener default suspending
2020-12-13 11:41:04,849 INFO  [org.jboss.as.connector.deployers.jdbc] (MSC service thread 1-1) WFLYJCA0019: Stopped Driver service with driver-name = h2
2020-12-13 11:41:04,853 INFO  [org.wildfly.extension.undertow] (MSC service thread 1-3) WFLYUT0007: Undertow HTTPS listener https stopped, was bound to 127.0.0.1:8443
2020-12-13 11:41:04,853 INFO  [org.wildfly.extension.undertow] (MSC service thread 1-5) WFLYUT0007: Undertow HTTP listener default stopped, was bound to 127.0.0.1:8080
2020-12-13 11:41:04,855 INFO  [org.wildfly.extension.undertow] (MSC service thread 1-4) WFLYUT0004: Undertow 2.1.3.Final stopping
2020-12-13 11:41:04,868 INFO  [org.jboss.as] (MSC service thread 1-2) WFLYSRV0050: WildFly Full 20.0.1.Final (WildFly Core 12.0.3.Final) stopped in 41ms
2020-12-13 11:51:42,809 INFO  [org.jboss.modules] (main) JBoss Modules version 1.10.1.Final
2020-12-13 11:51:43,135 INFO  [org.jboss.msc] (main) JBoss MSC version 1.4.11.Final
2020-12-13 11:51:43,145 INFO  [org.jboss.threads] (main) JBoss Threads version 2.3.3.Final
2020-12-13 11:51:43,254 INFO  [org.jboss.as] (MSC service thread 1-2) WFLYSRV0049: WildFly Full 20.0.1.Final (WildFly Core 12.0.3.Final) starting
2020-12-13 11:51:43,256 DEBUG [org.jboss.as.config] (MSC service thread 1-2) Configured system properties:
	[Standalone] = 
	awt.toolkit = sun.awt.X11.XToolkit
	file.encoding = UTF-8
	file.encoding.pkg = sun.io
	file.separator = /
	java.awt.graphicsenv = sun.awt.X11GraphicsEnvironment
	java.awt.headless = true
	java.awt.printerjob = sun.print.PSPrinterJob
	java.class.path = /home/rubendgpedrosa/DAE_20-21/wildfly-20.0.1.Final/jboss-modules.jar
	java.class.version = 52.0
	java.endorsed.dirs = /usr/lib/jvm/java-8-openjdk-amd64/jre/lib/endorsed
	java.ext.dirs = /usr/lib/jvm/java-8-openjdk-amd64/jre/lib/ext:/usr/java/packages/lib/ext
	java.home = /usr/lib/jvm/java-8-openjdk-amd64/jre
	java.io.tmpdir = /tmp
	java.library.path = /usr/java/packages/lib/amd64:/usr/lib/x86_64-linux-gnu/jni:/lib/x86_64-linux-gnu:/usr/lib/x86_64-linux-gnu:/usr/lib/jni:/lib:/usr/lib
	java.net.preferIPv4Stack = true
	java.runtime.name = OpenJDK Runtime Environment
	java.runtime.version = 1.8.0_275-8u275-b01-0ubuntu1~20.04-b01
	java.specification.name = Java Platform API Specification
	java.specification.vendor = Oracle Corporation
	java.specification.version = 1.8
	java.util.logging.manager = org.jboss.logmanager.LogManager
	java.vendor = Private Build
	java.vendor.url = http://java.oracle.com/
	java.vendor.url.bug = http://bugreport.sun.com/bugreport/
	java.version = 1.8.0_275
	java.vm.info = mixed mode
	java.vm.name = OpenJDK 64-Bit Server VM
	java.vm.specification.name = Java Virtual Machine Specification
	java.vm.specification.vendor = Oracle Corporation
	java.vm.specification.version = 1.8
	java.vm.vendor = Private Build
	java.vm.version = 25.275-b01
	javax.management.builder.initial = org.jboss.as.jmx.PluggableMBeanServerBuilder
	jboss.home.dir = /home/rubendgpedrosa/DAE_20-21/wildfly-20.0.1.Final
	jboss.host.name = lenovoy540
	jboss.modules.dir = /home/rubendgpedrosa/DAE_20-21/wildfly-20.0.1.Final/modules
	jboss.modules.system.pkgs = org.jboss.byteman
	jboss.node.name = lenovoy540
	jboss.qualified.host.name = lenovoy540.localdomain
	jboss.server.base.dir = /home/rubendgpedrosa/DAE_20-21/wildfly-20.0.1.Final/standalone
	jboss.server.config.dir = /home/rubendgpedrosa/DAE_20-21/wildfly-20.0.1.Final/standalone/configuration
	jboss.server.data.dir = /home/rubendgpedrosa/DAE_20-21/wildfly-20.0.1.Final/standalone/data
	jboss.server.deploy.dir = /home/rubendgpedrosa/DAE_20-21/wildfly-20.0.1.Final/standalone/data/content
	jboss.server.log.dir = /home/rubendgpedrosa/DAE_20-21/wildfly-20.0.1.Final/standalone/log
	jboss.server.name = lenovoy540
	jboss.server.persist.config = true
	jboss.server.temp.dir = /home/rubendgpedrosa/DAE_20-21/wildfly-20.0.1.Final/standalone/tmp
	line.separator = 

	logging.configuration = file:/home/rubendgpedrosa/DAE_20-21/wildfly-20.0.1.Final/standalone/configuration/logging.properties
	module.path = /home/rubendgpedrosa/DAE_20-21/wildfly-20.0.1.Final/modules
	org.jboss.boot.log.file = /home/rubendgpedrosa/DAE_20-21/wildfly-20.0.1.Final/standalone/log/server.log
	org.jboss.resolver.warning = true
	os.arch = amd64
	os.name = Linux
	os.version = 4.19.128-microsoft-standard
	path.separator = :
	sun.arch.data.model = 64
	sun.boot.class.path = /usr/lib/jvm/java-8-openjdk-amd64/jre/lib/resources.jar:/usr/lib/jvm/java-8-openjdk-amd64/jre/lib/rt.jar:/usr/lib/jvm/java-8-openjdk-amd64/jre/lib/sunrsasign.jar:/usr/lib/jvm/java-8-openjdk-amd64/jre/lib/jsse.jar:/usr/lib/jvm/java-8-openjdk-amd64/jre/lib/jce.jar:/usr/lib/jvm/java-8-openjdk-amd64/jre/lib/charsets.jar:/usr/lib/jvm/java-8-openjdk-amd64/jre/lib/jfr.jar:/usr/lib/jvm/java-8-openjdk-amd64/jre/classes
	sun.boot.library.path = /usr/lib/jvm/java-8-openjdk-amd64/jre/lib/amd64
	sun.cpu.endian = little
	sun.cpu.isalist = 
	sun.io.unicode.encoding = UnicodeLittle
	sun.java.command = /home/rubendgpedrosa/DAE_20-21/wildfly-20.0.1.Final/jboss-modules.jar -mp /home/rubendgpedrosa/DAE_20-21/wildfly-20.0.1.Final/modules org.jboss.as.standalone -Djboss.home.dir=/home/rubendgpedrosa/DAE_20-21/wildfly-20.0.1.Final -Djboss.server.base.dir=/home/rubendgpedrosa/DAE_20-21/wildfly-20.0.1.Final/standalone
	sun.java.launcher = SUN_STANDARD
	sun.jnu.encoding = UTF-8
	sun.management.compiler = HotSpot 64-Bit Tiered Compilers
	sun.os.patch.level = unknown
	user.dir = /home/rubendgpedrosa/DAE_20-21/wildfly-20.0.1.Final/bin
	user.home = /home/rubendgpedrosa
	user.language = en
	user.name = rubendgpedrosa
	user.timezone = Europe/Lisbon
2020-12-13 11:51:43,256 DEBUG [org.jboss.as.config] (MSC service thread 1-2) VM Arguments: -D[Standalone] -Xms64m -Xmx512m -XX:MetaspaceSize=96M -XX:MaxMetaspaceSize=256m -Djava.net.preferIPv4Stack=true -Djboss.modules.system.pkgs=org.jboss.byteman -Djava.awt.headless=true -Dorg.jboss.boot.log.file=/home/rubendgpedrosa/DAE_20-21/wildfly-20.0.1.Final/standalone/log/server.log -Dlogging.configuration=file:/home/rubendgpedrosa/DAE_20-21/wildfly-20.0.1.Final/standalone/configuration/logging.properties 
2020-12-13 11:51:44,152 INFO  [org.wildfly.security] (ServerService Thread Pool -- 24) ELY00001: WildFly Elytron version 1.12.1.Final
2020-12-13 11:51:44,725 INFO  [org.jboss.as.controller.management-deprecated] (Controller Boot Thread) WFLYCTL0028: Attribute 'security-realm' in the resource at address '/core-service=management/management-interface=http-interface' is deprecated, and may be removed in a future version. See the attribute description in the output of the read-resource-description operation to learn more about the deprecation.
2020-12-13 11:51:44,764 INFO  [org.jboss.as.controller.management-deprecated] (ServerService Thread Pool -- 29) WFLYCTL0028: Attribute 'security-realm' in the resource at address '/subsystem=undertow/server=default-server/https-listener=https' is deprecated, and may be removed in a future version. See the attribute description in the output of the read-resource-description operation to learn more about the deprecation.
2020-12-13 11:51:44,883 INFO  [org.jboss.as.server] (Controller Boot Thread) WFLYSRV0039: Creating http management service using socket-binding (management-http)
2020-12-13 11:51:44,907 INFO  [org.xnio] (MSC service thread 1-5) XNIO version 3.8.1.Final
2020-12-13 11:51:44,918 INFO  [org.xnio.nio] (MSC service thread 1-5) XNIO NIO Implementation Version 3.8.1.Final
2020-12-13 11:51:45,006 INFO  [org.jboss.as.clustering.infinispan] (ServerService Thread Pool -- 52) WFLYCLINF0001: Activating Infinispan subsystem.
2020-12-13 11:51:45,015 INFO  [org.wildfly.extension.microprofile.config.smallrye._private] (ServerService Thread Pool -- 61) WFLYCONF0001: Activating WildFly MicroProfile Config Subsystem
2020-12-13 11:51:45,015 INFO  [org.wildfly.extension.microprofile.jwt.smallrye._private] (ServerService Thread Pool -- 63) WFLYJWT0001: Activating WildFly MicroProfile JWT Subsystem
2020-12-13 11:51:45,021 WARN  [org.jboss.as.txn] (ServerService Thread Pool -- 74) WFLYTX0013: The node-identifier attribute on the /subsystem=transactions is set to the default value. This is a danger for environments running multiple servers. Please make sure the attribute value is unique.
2020-12-13 11:51:45,025 INFO  [org.wildfly.extension.io] (ServerService Thread Pool -- 53) WFLYIO001: Worker 'default' has auto-configured to 24 IO threads with 192 max task threads based on your 12 available processors
2020-12-13 11:51:45,037 INFO  [org.jboss.as.jsf] (ServerService Thread Pool -- 59) WFLYJSF0007: Activated the following JSF Implementations: [main]
2020-12-13 11:51:45,040 INFO  [org.jboss.as.naming] (ServerService Thread Pool -- 66) WFLYNAM0001: Activating Naming Subsystem
2020-12-13 11:51:45,045 INFO  [org.wildfly.extension.microprofile.opentracing] (ServerService Thread Pool -- 65) WFLYTRACEXT0001: Activating MicroProfile OpenTracing Subsystem
2020-12-13 11:51:45,046 INFO  [org.jboss.as.jaxrs] (ServerService Thread Pool -- 54) WFLYRS0016: RESTEasy version 3.12.1.Final
2020-12-13 11:51:45,059 INFO  [org.jboss.as.security] (ServerService Thread Pool -- 72) WFLYSEC0002: Activating Security Subsystem
2020-12-13 11:51:45,060 INFO  [org.jboss.as.connector] (MSC service thread 1-8) WFLYJCA0009: Starting JCA Subsystem (WildFly/IronJacamar 1.4.22.Final)
2020-12-13 11:51:45,068 INFO  [org.wildfly.extension.microprofile.health.smallrye] (ServerService Thread Pool -- 62) WFLYHEALTH0001: Activating Eclipse MicroProfile Health Subsystem
2020-12-13 11:51:45,074 INFO  [org.jboss.as.webservices] (ServerService Thread Pool -- 76) WFLYWS0002: Activating WebServices Extension
2020-12-13 11:51:45,084 INFO  [org.jboss.as.security] (MSC service thread 1-7) WFLYSEC0001: Current PicketBox version=5.0.3.Final-redhat-00005
2020-12-13 11:51:45,091 INFO  [org.wildfly.extension.undertow] (MSC service thread 1-4) WFLYUT0003: Undertow 2.1.3.Final starting
2020-12-13 11:51:45,103 INFO  [org.jboss.as.connector.subsystems.datasources] (ServerService Thread Pool -- 44) WFLYJCA0004: Deploying JDBC-compliant driver class org.h2.Driver (version 1.4)
2020-12-13 11:51:45,104 INFO  [org.wildfly.extension.microprofile.metrics.smallrye] (ServerService Thread Pool -- 64) WFLYMETRICS0001: Activating Eclipse MicroProfile Metrics Subsystem
2020-12-13 11:51:45,115 INFO  [org.jboss.as.connector.deployers.jdbc] (MSC service thread 1-1) WFLYJCA0018: Started Driver service with driver-name = h2
2020-12-13 11:51:45,119 INFO  [org.jboss.remoting] (MSC service thread 1-3) JBoss Remoting version 5.0.18.Final
2020-12-13 11:51:45,184 INFO  [org.jboss.as.naming] (MSC service thread 1-2) WFLYNAM0003: Starting Naming Service
2020-12-13 11:51:45,184 INFO  [org.jboss.as.mail.extension] (MSC service thread 1-2) WFLYMAIL0001: Bound mail session [java:jboss/mail/ java:/jboss/mail/fakeSMTP]
2020-12-13 11:51:45,185 INFO  [org.jboss.as.mail.extension] (MSC service thread 1-1) WFLYMAIL0001: Bound mail session [java:jboss/mail/Default]
2020-12-13 11:51:45,289 INFO  [org.wildfly.extension.undertow] (ServerService Thread Pool -- 75) WFLYUT0014: Creating file handler for path '/home/rubendgpedrosa/DAE_20-21/wildfly-20.0.1.Final/welcome-content' with options [directory-listing: 'false', follow-symlink: 'false', case-sensitive: 'true', safe-symlink-paths: '[]']
2020-12-13 11:51:45,356 INFO  [org.wildfly.extension.undertow] (MSC service thread 1-7) WFLYUT0012: Started server default-server.
2020-12-13 11:51:45,357 INFO  [org.wildfly.extension.undertow] (MSC service thread 1-7) WFLYUT0018: Host default-host starting
2020-12-13 11:51:45,377 INFO  [org.jboss.as.ejb3] (MSC service thread 1-3) WFLYEJB0481: Strict pool slsb-strict-max-pool is using a max instance size of 192 (per class), which is derived from thread worker pool sizing.
2020-12-13 11:51:45,377 INFO  [org.jboss.as.ejb3] (MSC service thread 1-5) WFLYEJB0482: Strict pool mdb-strict-max-pool is using a max instance size of 48 (per class), which is derived from the number of CPUs on this host.
2020-12-13 11:51:45,440 INFO  [org.wildfly.extension.undertow] (MSC service thread 1-2) WFLYUT0006: Undertow HTTP listener default listening on 127.0.0.1:8080
2020-12-13 11:51:45,538 INFO  [org.jboss.as.ejb3] (MSC service thread 1-2) WFLYEJB0493: EJB subsystem suspension complete
2020-12-13 11:51:45,571 INFO  [org.jboss.as.patching] (MSC service thread 1-3) WFLYPAT0050: WildFly Full cumulative patch ID is: base, one-off patches include: none
2020-12-13 11:51:45,588 WARN  [org.jboss.as.domain.management.security] (MSC service thread 1-7) WFLYDM0111: Keystore /home/rubendgpedrosa/DAE_20-21/wildfly-20.0.1.Final/standalone/configuration/application.keystore not found, it will be auto generated on first use with a self signed certificate for host localhost
2020-12-13 11:51:45,604 INFO  [org.jboss.as.server.deployment.scanner] (MSC service thread 1-7) WFLYDS0013: Started FileSystemDeploymentService for directory /home/rubendgpedrosa/DAE_20-21/wildfly-20.0.1.Final/standalone/deployments
2020-12-13 11:51:45,615 INFO  [org.jboss.as.connector.subsystems.datasources] (MSC service thread 1-2) WFLYJCA0001: Bound data source [java:jboss/datasources/dae]
2020-12-13 11:51:45,615 INFO  [org.jboss.as.connector.subsystems.datasources] (MSC service thread 1-1) WFLYJCA0001: Bound data source [java:jboss/datasources/ExampleDS]
2020-12-13 11:51:45,618 INFO  [org.jboss.as.server.deployment] (MSC service thread 1-3) WFLYSRV0027: Starting deployment of "academics.war" (runtime-name: "academics.war")
2020-12-13 11:51:45,781 ERROR [org.jboss.msc.service.fail] (MSC service thread 1-5) MSC000001: Failed to start service jboss.deployment.unit."academics.war".STRUCTURE: org.jboss.msc.service.StartException in service jboss.deployment.unit."academics.war".STRUCTURE: WFLYSRV0153: Failed to process phase STRUCTURE of deployment "academics.war"
	at org.jboss.as.server.deployment.DeploymentUnitPhaseService.start(DeploymentUnitPhaseService.java:189)
	at org.jboss.msc.service.ServiceControllerImpl$StartTask.startService(ServiceControllerImpl.java:1739)
	at org.jboss.msc.service.ServiceControllerImpl$StartTask.execute(ServiceControllerImpl.java:1701)
	at org.jboss.msc.service.ServiceControllerImpl$ControllerTask.run(ServiceControllerImpl.java:1559)
	at org.jboss.threads.ContextClassLoaderSavingRunnable.run(ContextClassLoaderSavingRunnable.java:35)
	at org.jboss.threads.EnhancedQueueExecutor.safeRun(EnhancedQueueExecutor.java:1982)
	at org.jboss.threads.EnhancedQueueExecutor$ThreadBody.doRunTask(EnhancedQueueExecutor.java:1486)
	at org.jboss.threads.EnhancedQueueExecutor$ThreadBody.run(EnhancedQueueExecutor.java:1377)
	at java.lang.Thread.run(Thread.java:748)
Caused by: org.jboss.as.server.deployment.DeploymentUnitProcessingException: WFLYSRV0160: Failed to mount deployment content
	at org.jboss.as.server.deployment.module.DeploymentRootMountProcessor.deploy(DeploymentRootMountProcessor.java:95)
	at org.jboss.as.server.deployment.DeploymentUnitPhaseService.start(DeploymentUnitPhaseService.java:182)
	... 8 more
Caused by: java.io.FileNotFoundException: /home/rubendgpedrosa/DAE_20-21/wildfly-20.0.1.Final/bin/C:\Users\joaok\IdeaProjects\AcademicManagement\target\academics.war (No such file or directory)
	at java.io.FileInputStream.open0(Native Method)
	at java.io.FileInputStream.open(FileInputStream.java:195)
	at java.io.FileInputStream.<init>(FileInputStream.java:138)
	at org.jboss.vfs.spi.RootFileSystem.openInputStream(RootFileSystem.java:51)
	at org.jboss.vfs.VirtualFile.openStream(VirtualFile.java:318)
	at org.jboss.vfs.VFS.mountZipExpanded(VFS.java:533)
	at org.jboss.as.server.deployment.DeploymentMountProvider$Factory$ServerDeploymentRepositoryImpl.mountDeploymentContent(DeploymentMountProvider.java:110)
	at org.jboss.as.server.deployment.module.DeploymentRootMountProcessor.deploy(DeploymentRootMountProcessor.java:91)
	... 9 more

2020-12-13 11:51:45,826 INFO  [org.wildfly.extension.undertow] (MSC service thread 1-6) WFLYUT0006: Undertow HTTPS listener https listening on 127.0.0.1:8443
2020-12-13 11:51:45,900 INFO  [org.jboss.ws.common.management] (MSC service thread 1-1) JBWS022052: Starting JBossWS 5.4.1.Final (Apache CXF 3.3.6) 
2020-12-13 11:51:46,018 ERROR [org.jboss.as.controller.management-operation] (Controller Boot Thread) WFLYCTL0013: Operation ("add") failed - address: ([("deployment" => "academics.war")]) - failure description: {"WFLYCTL0080: Failed services" => {"jboss.deployment.unit.\"academics.war\".STRUCTURE" => "WFLYSRV0153: Failed to process phase STRUCTURE of deployment \"academics.war\"
    Caused by: org.jboss.as.server.deployment.DeploymentUnitProcessingException: WFLYSRV0160: Failed to mount deployment content
    Caused by: java.io.FileNotFoundException: /home/rubendgpedrosa/DAE_20-21/wildfly-20.0.1.Final/bin/C:\\Users\\joaok\\IdeaProjects\\AcademicManagement\\target\\academics.war (No such file or directory)"}}
2020-12-13 11:51:46,030 INFO  [org.jboss.as.server] (Controller Boot Thread) WFLYSRV0010: Deployed "academics.war" (runtime-name : "academics.war")
2020-12-13 11:51:46,033 INFO  [org.jboss.as.controller] (Controller Boot Thread) WFLYCTL0183: Service status report
WFLYCTL0186:   Services which failed to start:      service jboss.deployment.unit."academics.war".STRUCTURE: WFLYSRV0153: Failed to process phase STRUCTURE of deployment "academics.war"

2020-12-13 11:51:46,091 INFO  [org.jboss.as.server] (Controller Boot Thread) WFLYSRV0212: Resuming server
2020-12-13 11:51:46,095 ERROR [org.jboss.as] (Controller Boot Thread) WFLYSRV0026: WildFly Full 20.0.1.Final (WildFly Core 12.0.3.Final) started (with errors) in 3673ms - Started 325 of 592 services (1 services failed or missing dependencies, 371 services are lazy, passive or on-demand)
2020-12-13 11:51:46,100 INFO  [org.jboss.as] (Controller Boot Thread) WFLYSRV0060: Http management interface listening on http://127.0.0.1:9990/management
2020-12-13 11:51:46,101 INFO  [org.jboss.as] (Controller Boot Thread) WFLYSRV0051: Admin console listening on http://127.0.0.1:9990
